2017-05-18 17:02:01 [scrapy.utils.log] INFO: Scrapy 1.3.3 started (bot: manga)
2017-05-18 17:02:01 [scrapy.utils.log] INFO: Overridden settings: {'SPIDER_MODULES': ['manga.spiders'], 'LOG_FILE': 'manga.log', 'LOG_LEVEL': 'INFO', 'NEWSPIDER_MODULE': 'manga.spiders', 'BOT_NAME': 'manga'}
2017-05-18 17:02:01 [scrapy.middleware] INFO: Enabled extensions:
['scrapy.extensions.logstats.LogStats',
 'scrapy.extensions.telnet.TelnetConsole',
 'scrapy.extensions.corestats.CoreStats']
2017-05-18 17:02:02 [scrapy.middleware] INFO: Enabled downloader middlewares:
['scrapy.downloadermiddlewares.httpauth.HttpAuthMiddleware',
 'scrapy.downloadermiddlewares.downloadtimeout.DownloadTimeoutMiddleware',
 'scrapy.downloadermiddlewares.defaultheaders.DefaultHeadersMiddleware',
 'scrapy.downloadermiddlewares.useragent.UserAgentMiddleware',
 'scrapy.downloadermiddlewares.retry.RetryMiddleware',
 'scrapy.downloadermiddlewares.redirect.MetaRefreshMiddleware',
 'scrapy.downloadermiddlewares.httpcompression.HttpCompressionMiddleware',
 'scrapy.downloadermiddlewares.redirect.RedirectMiddleware',
 'scrapy.downloadermiddlewares.cookies.CookiesMiddleware',
 'scrapy.downloadermiddlewares.stats.DownloaderStats']
2017-05-18 17:02:02 [scrapy.middleware] INFO: Enabled spider middlewares:
['scrapy.spidermiddlewares.httperror.HttpErrorMiddleware',
 'scrapy.spidermiddlewares.offsite.OffsiteMiddleware',
 'scrapy.spidermiddlewares.referer.RefererMiddleware',
 'scrapy.spidermiddlewares.urllength.UrlLengthMiddleware',
 'scrapy.spidermiddlewares.depth.DepthMiddleware']
2017-05-18 17:02:02 [scrapy.middleware] INFO: Enabled item pipelines:
[]
2017-05-18 17:02:02 [root] INFO: start update crawl >>>>>>>>>>>> 
2017-05-18 17:02:02 [twisted] CRITICAL: Unhandled error in Deferred:
2017-05-18 17:02:02 [twisted] CRITICAL: 
Traceback (most recent call last):
  File "/Users/fyxtc/.pyenv/versions/3.5.2/lib/python3.5/site-packages/twisted/internet/defer.py", line 1301, in _inlineCallbacks
    result = g.send(result)
  File "/Users/fyxtc/.pyenv/versions/3.5.2/lib/python3.5/site-packages/scrapy/crawler.py", line 73, in crawl
    start_requests = iter(self.spider.start_requests())
TypeError: 'NoneType' object is not iterable
2017-05-18 17:03:01 [scrapy.utils.log] INFO: Scrapy 1.3.3 started (bot: manga)
2017-05-18 17:03:01 [scrapy.utils.log] INFO: Overridden settings: {'LOG_FILE': 'manga.log', 'BOT_NAME': 'manga', 'NEWSPIDER_MODULE': 'manga.spiders', 'SPIDER_MODULES': ['manga.spiders'], 'LOG_LEVEL': 'INFO'}
2017-05-18 17:03:01 [scrapy.middleware] INFO: Enabled extensions:
['scrapy.extensions.telnet.TelnetConsole',
 'scrapy.extensions.logstats.LogStats',
 'scrapy.extensions.corestats.CoreStats']
2017-05-18 17:03:01 [scrapy.middleware] INFO: Enabled downloader middlewares:
['scrapy.downloadermiddlewares.httpauth.HttpAuthMiddleware',
 'scrapy.downloadermiddlewares.downloadtimeout.DownloadTimeoutMiddleware',
 'scrapy.downloadermiddlewares.defaultheaders.DefaultHeadersMiddleware',
 'scrapy.downloadermiddlewares.useragent.UserAgentMiddleware',
 'scrapy.downloadermiddlewares.retry.RetryMiddleware',
 'scrapy.downloadermiddlewares.redirect.MetaRefreshMiddleware',
 'scrapy.downloadermiddlewares.httpcompression.HttpCompressionMiddleware',
 'scrapy.downloadermiddlewares.redirect.RedirectMiddleware',
 'scrapy.downloadermiddlewares.cookies.CookiesMiddleware',
 'scrapy.downloadermiddlewares.stats.DownloaderStats']
2017-05-18 17:03:01 [scrapy.middleware] INFO: Enabled spider middlewares:
['scrapy.spidermiddlewares.httperror.HttpErrorMiddleware',
 'scrapy.spidermiddlewares.offsite.OffsiteMiddleware',
 'scrapy.spidermiddlewares.referer.RefererMiddleware',
 'scrapy.spidermiddlewares.urllength.UrlLengthMiddleware',
 'scrapy.spidermiddlewares.depth.DepthMiddleware']
2017-05-18 17:03:01 [scrapy.middleware] INFO: Enabled item pipelines:
[]
2017-05-18 17:03:01 [root] INFO: start update crawl >>>>>>>>>>>> 
2017-05-18 17:03:01 [twisted] CRITICAL: Unhandled error in Deferred:
2017-05-18 17:03:01 [twisted] CRITICAL: 
Traceback (most recent call last):
  File "/Users/fyxtc/.pyenv/versions/3.5.2/lib/python3.5/site-packages/twisted/internet/defer.py", line 1301, in _inlineCallbacks
    result = g.send(result)
  File "/Users/fyxtc/.pyenv/versions/3.5.2/lib/python3.5/site-packages/scrapy/crawler.py", line 73, in crawl
    start_requests = iter(self.spider.start_requests())
TypeError: 'NoneType' object is not iterable
2017-05-18 17:04:01 [scrapy.utils.log] INFO: Scrapy 1.3.3 started (bot: manga)
2017-05-18 17:04:01 [scrapy.utils.log] INFO: Overridden settings: {'LOG_FILE': 'manga.log', 'BOT_NAME': 'manga', 'SPIDER_MODULES': ['manga.spiders'], 'NEWSPIDER_MODULE': 'manga.spiders', 'LOG_LEVEL': 'INFO'}
2017-05-18 17:04:01 [scrapy.middleware] INFO: Enabled extensions:
['scrapy.extensions.corestats.CoreStats',
 'scrapy.extensions.logstats.LogStats',
 'scrapy.extensions.telnet.TelnetConsole']
2017-05-18 17:04:01 [scrapy.middleware] INFO: Enabled downloader middlewares:
['scrapy.downloadermiddlewares.httpauth.HttpAuthMiddleware',
 'scrapy.downloadermiddlewares.downloadtimeout.DownloadTimeoutMiddleware',
 'scrapy.downloadermiddlewares.defaultheaders.DefaultHeadersMiddleware',
 'scrapy.downloadermiddlewares.useragent.UserAgentMiddleware',
 'scrapy.downloadermiddlewares.retry.RetryMiddleware',
 'scrapy.downloadermiddlewares.redirect.MetaRefreshMiddleware',
 'scrapy.downloadermiddlewares.httpcompression.HttpCompressionMiddleware',
 'scrapy.downloadermiddlewares.redirect.RedirectMiddleware',
 'scrapy.downloadermiddlewares.cookies.CookiesMiddleware',
 'scrapy.downloadermiddlewares.stats.DownloaderStats']
2017-05-18 17:04:01 [scrapy.middleware] INFO: Enabled spider middlewares:
['scrapy.spidermiddlewares.httperror.HttpErrorMiddleware',
 'scrapy.spidermiddlewares.offsite.OffsiteMiddleware',
 'scrapy.spidermiddlewares.referer.RefererMiddleware',
 'scrapy.spidermiddlewares.urllength.UrlLengthMiddleware',
 'scrapy.spidermiddlewares.depth.DepthMiddleware']
2017-05-18 17:04:01 [scrapy.middleware] INFO: Enabled item pipelines:
[]
2017-05-18 17:04:01 [root] INFO: start update crawl >>>>>>>>>>>> 
2017-05-18 17:04:01 [twisted] CRITICAL: Unhandled error in Deferred:
2017-05-18 17:04:01 [twisted] CRITICAL: 
Traceback (most recent call last):
  File "/Users/fyxtc/.pyenv/versions/3.5.2/lib/python3.5/site-packages/twisted/internet/defer.py", line 1301, in _inlineCallbacks
    result = g.send(result)
  File "/Users/fyxtc/.pyenv/versions/3.5.2/lib/python3.5/site-packages/scrapy/crawler.py", line 73, in crawl
    start_requests = iter(self.spider.start_requests())
TypeError: 'NoneType' object is not iterable
2017-05-18 17:05:01 [scrapy.utils.log] INFO: Scrapy 1.3.3 started (bot: manga)
2017-05-18 17:05:01 [scrapy.utils.log] INFO: Overridden settings: {'LOG_LEVEL': 'INFO', 'SPIDER_MODULES': ['manga.spiders'], 'LOG_FILE': 'manga.log', 'BOT_NAME': 'manga', 'NEWSPIDER_MODULE': 'manga.spiders'}
2017-05-18 17:05:01 [scrapy.middleware] INFO: Enabled extensions:
['scrapy.extensions.logstats.LogStats',
 'scrapy.extensions.telnet.TelnetConsole',
 'scrapy.extensions.corestats.CoreStats']
2017-05-18 17:05:01 [scrapy.middleware] INFO: Enabled downloader middlewares:
['scrapy.downloadermiddlewares.httpauth.HttpAuthMiddleware',
 'scrapy.downloadermiddlewares.downloadtimeout.DownloadTimeoutMiddleware',
 'scrapy.downloadermiddlewares.defaultheaders.DefaultHeadersMiddleware',
 'scrapy.downloadermiddlewares.useragent.UserAgentMiddleware',
 'scrapy.downloadermiddlewares.retry.RetryMiddleware',
 'scrapy.downloadermiddlewares.redirect.MetaRefreshMiddleware',
 'scrapy.downloadermiddlewares.httpcompression.HttpCompressionMiddleware',
 'scrapy.downloadermiddlewares.redirect.RedirectMiddleware',
 'scrapy.downloadermiddlewares.cookies.CookiesMiddleware',
 'scrapy.downloadermiddlewares.stats.DownloaderStats']
2017-05-18 17:05:01 [scrapy.middleware] INFO: Enabled spider middlewares:
['scrapy.spidermiddlewares.httperror.HttpErrorMiddleware',
 'scrapy.spidermiddlewares.offsite.OffsiteMiddleware',
 'scrapy.spidermiddlewares.referer.RefererMiddleware',
 'scrapy.spidermiddlewares.urllength.UrlLengthMiddleware',
 'scrapy.spidermiddlewares.depth.DepthMiddleware']
2017-05-18 17:05:01 [scrapy.middleware] INFO: Enabled item pipelines:
[]
2017-05-18 17:05:01 [root] INFO: start update crawl >>>>>>>>>>>> 
2017-05-18 17:05:01 [twisted] CRITICAL: Unhandled error in Deferred:
2017-05-18 17:05:01 [twisted] CRITICAL: 
Traceback (most recent call last):
  File "/Users/fyxtc/.pyenv/versions/3.5.2/lib/python3.5/site-packages/twisted/internet/defer.py", line 1301, in _inlineCallbacks
    result = g.send(result)
  File "/Users/fyxtc/.pyenv/versions/3.5.2/lib/python3.5/site-packages/scrapy/crawler.py", line 73, in crawl
    start_requests = iter(self.spider.start_requests())
TypeError: 'NoneType' object is not iterable
2017-05-18 17:06:01 [scrapy.utils.log] INFO: Scrapy 1.3.3 started (bot: manga)
2017-05-18 17:06:01 [scrapy.utils.log] INFO: Overridden settings: {'LOG_FILE': 'manga.log', 'LOG_LEVEL': 'INFO', 'BOT_NAME': 'manga', 'NEWSPIDER_MODULE': 'manga.spiders', 'SPIDER_MODULES': ['manga.spiders']}
2017-05-18 17:06:01 [scrapy.middleware] INFO: Enabled extensions:
['scrapy.extensions.corestats.CoreStats',
 'scrapy.extensions.logstats.LogStats',
 'scrapy.extensions.telnet.TelnetConsole']
2017-05-18 17:06:01 [scrapy.middleware] INFO: Enabled downloader middlewares:
['scrapy.downloadermiddlewares.httpauth.HttpAuthMiddleware',
 'scrapy.downloadermiddlewares.downloadtimeout.DownloadTimeoutMiddleware',
 'scrapy.downloadermiddlewares.defaultheaders.DefaultHeadersMiddleware',
 'scrapy.downloadermiddlewares.useragent.UserAgentMiddleware',
 'scrapy.downloadermiddlewares.retry.RetryMiddleware',
 'scrapy.downloadermiddlewares.redirect.MetaRefreshMiddleware',
 'scrapy.downloadermiddlewares.httpcompression.HttpCompressionMiddleware',
 'scrapy.downloadermiddlewares.redirect.RedirectMiddleware',
 'scrapy.downloadermiddlewares.cookies.CookiesMiddleware',
 'scrapy.downloadermiddlewares.stats.DownloaderStats']
2017-05-18 17:06:01 [scrapy.middleware] INFO: Enabled spider middlewares:
['scrapy.spidermiddlewares.httperror.HttpErrorMiddleware',
 'scrapy.spidermiddlewares.offsite.OffsiteMiddleware',
 'scrapy.spidermiddlewares.referer.RefererMiddleware',
 'scrapy.spidermiddlewares.urllength.UrlLengthMiddleware',
 'scrapy.spidermiddlewares.depth.DepthMiddleware']
2017-05-18 17:06:01 [scrapy.middleware] INFO: Enabled item pipelines:
[]
2017-05-18 17:06:01 [root] INFO: start update crawl >>>>>>>>>>>> 
2017-05-18 17:06:01 [twisted] CRITICAL: Unhandled error in Deferred:
2017-05-18 17:06:01 [twisted] CRITICAL: 
Traceback (most recent call last):
  File "/Users/fyxtc/.pyenv/versions/3.5.2/lib/python3.5/site-packages/twisted/internet/defer.py", line 1301, in _inlineCallbacks
    result = g.send(result)
  File "/Users/fyxtc/.pyenv/versions/3.5.2/lib/python3.5/site-packages/scrapy/crawler.py", line 73, in crawl
    start_requests = iter(self.spider.start_requests())
TypeError: 'NoneType' object is not iterable
2017-05-18 17:07:01 [scrapy.utils.log] INFO: Scrapy 1.3.3 started (bot: manga)
2017-05-18 17:07:01 [scrapy.utils.log] INFO: Overridden settings: {'LOG_LEVEL': 'INFO', 'LOG_FILE': 'manga.log', 'NEWSPIDER_MODULE': 'manga.spiders', 'BOT_NAME': 'manga', 'SPIDER_MODULES': ['manga.spiders']}
2017-05-18 17:07:01 [scrapy.middleware] INFO: Enabled extensions:
['scrapy.extensions.corestats.CoreStats',
 'scrapy.extensions.telnet.TelnetConsole',
 'scrapy.extensions.logstats.LogStats']
2017-05-18 17:07:01 [scrapy.middleware] INFO: Enabled downloader middlewares:
['scrapy.downloadermiddlewares.httpauth.HttpAuthMiddleware',
 'scrapy.downloadermiddlewares.downloadtimeout.DownloadTimeoutMiddleware',
 'scrapy.downloadermiddlewares.defaultheaders.DefaultHeadersMiddleware',
 'scrapy.downloadermiddlewares.useragent.UserAgentMiddleware',
 'scrapy.downloadermiddlewares.retry.RetryMiddleware',
 'scrapy.downloadermiddlewares.redirect.MetaRefreshMiddleware',
 'scrapy.downloadermiddlewares.httpcompression.HttpCompressionMiddleware',
 'scrapy.downloadermiddlewares.redirect.RedirectMiddleware',
 'scrapy.downloadermiddlewares.cookies.CookiesMiddleware',
 'scrapy.downloadermiddlewares.stats.DownloaderStats']
2017-05-18 17:07:01 [scrapy.middleware] INFO: Enabled spider middlewares:
['scrapy.spidermiddlewares.httperror.HttpErrorMiddleware',
 'scrapy.spidermiddlewares.offsite.OffsiteMiddleware',
 'scrapy.spidermiddlewares.referer.RefererMiddleware',
 'scrapy.spidermiddlewares.urllength.UrlLengthMiddleware',
 'scrapy.spidermiddlewares.depth.DepthMiddleware']
2017-05-18 17:07:01 [scrapy.middleware] INFO: Enabled item pipelines:
[]
2017-05-18 17:07:01 [root] INFO: start update crawl >>>>>>>>>>>> 
2017-05-18 17:07:01 [twisted] CRITICAL: Unhandled error in Deferred:
2017-05-18 17:07:01 [twisted] CRITICAL: 
Traceback (most recent call last):
  File "/Users/fyxtc/.pyenv/versions/3.5.2/lib/python3.5/site-packages/twisted/internet/defer.py", line 1301, in _inlineCallbacks
    result = g.send(result)
  File "/Users/fyxtc/.pyenv/versions/3.5.2/lib/python3.5/site-packages/scrapy/crawler.py", line 73, in crawl
    start_requests = iter(self.spider.start_requests())
TypeError: 'NoneType' object is not iterable
2017-05-18 17:08:01 [scrapy.utils.log] INFO: Scrapy 1.3.3 started (bot: manga)
2017-05-18 17:08:01 [scrapy.utils.log] INFO: Overridden settings: {'LOG_FILE': 'manga.log', 'LOG_LEVEL': 'INFO', 'BOT_NAME': 'manga', 'NEWSPIDER_MODULE': 'manga.spiders', 'SPIDER_MODULES': ['manga.spiders']}
2017-05-18 17:08:01 [scrapy.middleware] INFO: Enabled extensions:
['scrapy.extensions.logstats.LogStats',
 'scrapy.extensions.corestats.CoreStats',
 'scrapy.extensions.telnet.TelnetConsole']
2017-05-18 17:08:01 [scrapy.middleware] INFO: Enabled downloader middlewares:
['scrapy.downloadermiddlewares.httpauth.HttpAuthMiddleware',
 'scrapy.downloadermiddlewares.downloadtimeout.DownloadTimeoutMiddleware',
 'scrapy.downloadermiddlewares.defaultheaders.DefaultHeadersMiddleware',
 'scrapy.downloadermiddlewares.useragent.UserAgentMiddleware',
 'scrapy.downloadermiddlewares.retry.RetryMiddleware',
 'scrapy.downloadermiddlewares.redirect.MetaRefreshMiddleware',
 'scrapy.downloadermiddlewares.httpcompression.HttpCompressionMiddleware',
 'scrapy.downloadermiddlewares.redirect.RedirectMiddleware',
 'scrapy.downloadermiddlewares.cookies.CookiesMiddleware',
 'scrapy.downloadermiddlewares.stats.DownloaderStats']
2017-05-18 17:08:01 [scrapy.middleware] INFO: Enabled spider middlewares:
['scrapy.spidermiddlewares.httperror.HttpErrorMiddleware',
 'scrapy.spidermiddlewares.offsite.OffsiteMiddleware',
 'scrapy.spidermiddlewares.referer.RefererMiddleware',
 'scrapy.spidermiddlewares.urllength.UrlLengthMiddleware',
 'scrapy.spidermiddlewares.depth.DepthMiddleware']
2017-05-18 17:08:01 [scrapy.middleware] INFO: Enabled item pipelines:
[]
2017-05-18 17:08:01 [root] INFO: start update crawl >>>>>>>>>>>> 
2017-05-18 17:08:01 [twisted] CRITICAL: Unhandled error in Deferred:
2017-05-18 17:08:01 [twisted] CRITICAL: 
Traceback (most recent call last):
  File "/Users/fyxtc/.pyenv/versions/3.5.2/lib/python3.5/site-packages/twisted/internet/defer.py", line 1301, in _inlineCallbacks
    result = g.send(result)
  File "/Users/fyxtc/.pyenv/versions/3.5.2/lib/python3.5/site-packages/scrapy/crawler.py", line 73, in crawl
    start_requests = iter(self.spider.start_requests())
TypeError: 'NoneType' object is not iterable
2017-05-18 17:09:01 [scrapy.utils.log] INFO: Scrapy 1.3.3 started (bot: manga)
2017-05-18 17:09:01 [scrapy.utils.log] INFO: Overridden settings: {'NEWSPIDER_MODULE': 'manga.spiders', 'BOT_NAME': 'manga', 'LOG_FILE': 'manga.log', 'SPIDER_MODULES': ['manga.spiders'], 'LOG_LEVEL': 'INFO'}
2017-05-18 17:09:01 [scrapy.middleware] INFO: Enabled extensions:
['scrapy.extensions.logstats.LogStats',
 'scrapy.extensions.telnet.TelnetConsole',
 'scrapy.extensions.corestats.CoreStats']
2017-05-18 17:09:01 [scrapy.middleware] INFO: Enabled downloader middlewares:
['scrapy.downloadermiddlewares.httpauth.HttpAuthMiddleware',
 'scrapy.downloadermiddlewares.downloadtimeout.DownloadTimeoutMiddleware',
 'scrapy.downloadermiddlewares.defaultheaders.DefaultHeadersMiddleware',
 'scrapy.downloadermiddlewares.useragent.UserAgentMiddleware',
 'scrapy.downloadermiddlewares.retry.RetryMiddleware',
 'scrapy.downloadermiddlewares.redirect.MetaRefreshMiddleware',
 'scrapy.downloadermiddlewares.httpcompression.HttpCompressionMiddleware',
 'scrapy.downloadermiddlewares.redirect.RedirectMiddleware',
 'scrapy.downloadermiddlewares.cookies.CookiesMiddleware',
 'scrapy.downloadermiddlewares.stats.DownloaderStats']
2017-05-18 17:09:01 [scrapy.middleware] INFO: Enabled spider middlewares:
['scrapy.spidermiddlewares.httperror.HttpErrorMiddleware',
 'scrapy.spidermiddlewares.offsite.OffsiteMiddleware',
 'scrapy.spidermiddlewares.referer.RefererMiddleware',
 'scrapy.spidermiddlewares.urllength.UrlLengthMiddleware',
 'scrapy.spidermiddlewares.depth.DepthMiddleware']
2017-05-18 17:09:01 [scrapy.middleware] INFO: Enabled item pipelines:
[]
2017-05-18 17:09:01 [root] INFO: start update crawl >>>>>>>>>>>> 
2017-05-18 17:09:01 [twisted] CRITICAL: Unhandled error in Deferred:
2017-05-18 17:09:01 [twisted] CRITICAL: 
Traceback (most recent call last):
  File "/Users/fyxtc/.pyenv/versions/3.5.2/lib/python3.5/site-packages/twisted/internet/defer.py", line 1301, in _inlineCallbacks
    result = g.send(result)
  File "/Users/fyxtc/.pyenv/versions/3.5.2/lib/python3.5/site-packages/scrapy/crawler.py", line 73, in crawl
    start_requests = iter(self.spider.start_requests())
TypeError: 'NoneType' object is not iterable
2017-05-18 17:10:01 [scrapy.utils.log] INFO: Scrapy 1.3.3 started (bot: manga)
2017-05-18 17:10:01 [scrapy.utils.log] INFO: Overridden settings: {'SPIDER_MODULES': ['manga.spiders'], 'LOG_FILE': 'manga.log', 'LOG_LEVEL': 'INFO', 'BOT_NAME': 'manga', 'NEWSPIDER_MODULE': 'manga.spiders'}
2017-05-18 17:10:01 [scrapy.middleware] INFO: Enabled extensions:
['scrapy.extensions.corestats.CoreStats',
 'scrapy.extensions.telnet.TelnetConsole',
 'scrapy.extensions.logstats.LogStats']
2017-05-18 17:10:01 [scrapy.middleware] INFO: Enabled downloader middlewares:
['scrapy.downloadermiddlewares.httpauth.HttpAuthMiddleware',
 'scrapy.downloadermiddlewares.downloadtimeout.DownloadTimeoutMiddleware',
 'scrapy.downloadermiddlewares.defaultheaders.DefaultHeadersMiddleware',
 'scrapy.downloadermiddlewares.useragent.UserAgentMiddleware',
 'scrapy.downloadermiddlewares.retry.RetryMiddleware',
 'scrapy.downloadermiddlewares.redirect.MetaRefreshMiddleware',
 'scrapy.downloadermiddlewares.httpcompression.HttpCompressionMiddleware',
 'scrapy.downloadermiddlewares.redirect.RedirectMiddleware',
 'scrapy.downloadermiddlewares.cookies.CookiesMiddleware',
 'scrapy.downloadermiddlewares.stats.DownloaderStats']
2017-05-18 17:10:01 [scrapy.middleware] INFO: Enabled spider middlewares:
['scrapy.spidermiddlewares.httperror.HttpErrorMiddleware',
 'scrapy.spidermiddlewares.offsite.OffsiteMiddleware',
 'scrapy.spidermiddlewares.referer.RefererMiddleware',
 'scrapy.spidermiddlewares.urllength.UrlLengthMiddleware',
 'scrapy.spidermiddlewares.depth.DepthMiddleware']
2017-05-18 17:10:01 [scrapy.middleware] INFO: Enabled item pipelines:
[]
2017-05-18 17:10:01 [root] INFO: start update crawl >>>>>>>>>>>> 
2017-05-18 17:10:01 [twisted] CRITICAL: Unhandled error in Deferred:
2017-05-18 17:10:01 [twisted] CRITICAL: 
Traceback (most recent call last):
  File "/Users/fyxtc/.pyenv/versions/3.5.2/lib/python3.5/site-packages/twisted/internet/defer.py", line 1301, in _inlineCallbacks
    result = g.send(result)
  File "/Users/fyxtc/.pyenv/versions/3.5.2/lib/python3.5/site-packages/scrapy/crawler.py", line 73, in crawl
    start_requests = iter(self.spider.start_requests())
TypeError: 'NoneType' object is not iterable
2017-05-18 17:11:01 [scrapy.utils.log] INFO: Scrapy 1.3.3 started (bot: manga)
2017-05-18 17:11:01 [scrapy.utils.log] INFO: Overridden settings: {'LOG_LEVEL': 'INFO', 'LOG_FILE': 'manga.log', 'SPIDER_MODULES': ['manga.spiders'], 'BOT_NAME': 'manga', 'NEWSPIDER_MODULE': 'manga.spiders'}
2017-05-18 17:11:01 [scrapy.middleware] INFO: Enabled extensions:
['scrapy.extensions.corestats.CoreStats',
 'scrapy.extensions.telnet.TelnetConsole',
 'scrapy.extensions.logstats.LogStats']
2017-05-18 17:11:01 [scrapy.middleware] INFO: Enabled downloader middlewares:
['scrapy.downloadermiddlewares.httpauth.HttpAuthMiddleware',
 'scrapy.downloadermiddlewares.downloadtimeout.DownloadTimeoutMiddleware',
 'scrapy.downloadermiddlewares.defaultheaders.DefaultHeadersMiddleware',
 'scrapy.downloadermiddlewares.useragent.UserAgentMiddleware',
 'scrapy.downloadermiddlewares.retry.RetryMiddleware',
 'scrapy.downloadermiddlewares.redirect.MetaRefreshMiddleware',
 'scrapy.downloadermiddlewares.httpcompression.HttpCompressionMiddleware',
 'scrapy.downloadermiddlewares.redirect.RedirectMiddleware',
 'scrapy.downloadermiddlewares.cookies.CookiesMiddleware',
 'scrapy.downloadermiddlewares.stats.DownloaderStats']
2017-05-18 17:11:01 [scrapy.middleware] INFO: Enabled spider middlewares:
['scrapy.spidermiddlewares.httperror.HttpErrorMiddleware',
 'scrapy.spidermiddlewares.offsite.OffsiteMiddleware',
 'scrapy.spidermiddlewares.referer.RefererMiddleware',
 'scrapy.spidermiddlewares.urllength.UrlLengthMiddleware',
 'scrapy.spidermiddlewares.depth.DepthMiddleware']
2017-05-18 17:11:01 [scrapy.middleware] INFO: Enabled item pipelines:
[]
2017-05-18 17:11:01 [root] INFO: start update crawl >>>>>>>>>>>> 
2017-05-18 17:11:01 [twisted] CRITICAL: Unhandled error in Deferred:
2017-05-18 17:11:01 [twisted] CRITICAL: 
Traceback (most recent call last):
  File "/Users/fyxtc/.pyenv/versions/3.5.2/lib/python3.5/site-packages/twisted/internet/defer.py", line 1301, in _inlineCallbacks
    result = g.send(result)
  File "/Users/fyxtc/.pyenv/versions/3.5.2/lib/python3.5/site-packages/scrapy/crawler.py", line 73, in crawl
    start_requests = iter(self.spider.start_requests())
TypeError: 'NoneType' object is not iterable
2017-05-18 17:12:01 [scrapy.utils.log] INFO: Scrapy 1.3.3 started (bot: manga)
2017-05-18 17:12:01 [scrapy.utils.log] INFO: Overridden settings: {'LOG_LEVEL': 'INFO', 'SPIDER_MODULES': ['manga.spiders'], 'NEWSPIDER_MODULE': 'manga.spiders', 'BOT_NAME': 'manga', 'LOG_FILE': 'manga.log'}
2017-05-18 17:12:01 [scrapy.middleware] INFO: Enabled extensions:
['scrapy.extensions.corestats.CoreStats',
 'scrapy.extensions.logstats.LogStats',
 'scrapy.extensions.telnet.TelnetConsole']
2017-05-18 17:12:01 [scrapy.middleware] INFO: Enabled downloader middlewares:
['scrapy.downloadermiddlewares.httpauth.HttpAuthMiddleware',
 'scrapy.downloadermiddlewares.downloadtimeout.DownloadTimeoutMiddleware',
 'scrapy.downloadermiddlewares.defaultheaders.DefaultHeadersMiddleware',
 'scrapy.downloadermiddlewares.useragent.UserAgentMiddleware',
 'scrapy.downloadermiddlewares.retry.RetryMiddleware',
 'scrapy.downloadermiddlewares.redirect.MetaRefreshMiddleware',
 'scrapy.downloadermiddlewares.httpcompression.HttpCompressionMiddleware',
 'scrapy.downloadermiddlewares.redirect.RedirectMiddleware',
 'scrapy.downloadermiddlewares.cookies.CookiesMiddleware',
 'scrapy.downloadermiddlewares.stats.DownloaderStats']
2017-05-18 17:12:01 [scrapy.middleware] INFO: Enabled spider middlewares:
['scrapy.spidermiddlewares.httperror.HttpErrorMiddleware',
 'scrapy.spidermiddlewares.offsite.OffsiteMiddleware',
 'scrapy.spidermiddlewares.referer.RefererMiddleware',
 'scrapy.spidermiddlewares.urllength.UrlLengthMiddleware',
 'scrapy.spidermiddlewares.depth.DepthMiddleware']
2017-05-18 17:12:01 [scrapy.middleware] INFO: Enabled item pipelines:
[]
2017-05-18 17:12:01 [root] INFO: start update crawl >>>>>>>>>>>> 
2017-05-18 17:12:01 [twisted] CRITICAL: Unhandled error in Deferred:
2017-05-18 17:12:01 [twisted] CRITICAL: 
Traceback (most recent call last):
  File "/Users/fyxtc/.pyenv/versions/3.5.2/lib/python3.5/site-packages/twisted/internet/defer.py", line 1301, in _inlineCallbacks
    result = g.send(result)
  File "/Users/fyxtc/.pyenv/versions/3.5.2/lib/python3.5/site-packages/scrapy/crawler.py", line 73, in crawl
    start_requests = iter(self.spider.start_requests())
TypeError: 'NoneType' object is not iterable
2017-05-18 17:13:01 [scrapy.utils.log] INFO: Scrapy 1.3.3 started (bot: manga)
2017-05-18 17:13:01 [scrapy.utils.log] INFO: Overridden settings: {'NEWSPIDER_MODULE': 'manga.spiders', 'LOG_LEVEL': 'INFO', 'BOT_NAME': 'manga', 'LOG_FILE': 'manga.log', 'SPIDER_MODULES': ['manga.spiders']}
2017-05-18 17:13:01 [scrapy.middleware] INFO: Enabled extensions:
['scrapy.extensions.telnet.TelnetConsole',
 'scrapy.extensions.logstats.LogStats',
 'scrapy.extensions.corestats.CoreStats']
2017-05-18 17:13:01 [scrapy.middleware] INFO: Enabled downloader middlewares:
['scrapy.downloadermiddlewares.httpauth.HttpAuthMiddleware',
 'scrapy.downloadermiddlewares.downloadtimeout.DownloadTimeoutMiddleware',
 'scrapy.downloadermiddlewares.defaultheaders.DefaultHeadersMiddleware',
 'scrapy.downloadermiddlewares.useragent.UserAgentMiddleware',
 'scrapy.downloadermiddlewares.retry.RetryMiddleware',
 'scrapy.downloadermiddlewares.redirect.MetaRefreshMiddleware',
 'scrapy.downloadermiddlewares.httpcompression.HttpCompressionMiddleware',
 'scrapy.downloadermiddlewares.redirect.RedirectMiddleware',
 'scrapy.downloadermiddlewares.cookies.CookiesMiddleware',
 'scrapy.downloadermiddlewares.stats.DownloaderStats']
2017-05-18 17:13:01 [scrapy.middleware] INFO: Enabled spider middlewares:
['scrapy.spidermiddlewares.httperror.HttpErrorMiddleware',
 'scrapy.spidermiddlewares.offsite.OffsiteMiddleware',
 'scrapy.spidermiddlewares.referer.RefererMiddleware',
 'scrapy.spidermiddlewares.urllength.UrlLengthMiddleware',
 'scrapy.spidermiddlewares.depth.DepthMiddleware']
2017-05-18 17:13:01 [scrapy.middleware] INFO: Enabled item pipelines:
[]
2017-05-18 17:13:01 [root] INFO: start update crawl >>>>>>>>>>>> 
2017-05-18 17:13:01 [twisted] CRITICAL: Unhandled error in Deferred:
2017-05-18 17:13:01 [twisted] CRITICAL: 
Traceback (most recent call last):
  File "/Users/fyxtc/.pyenv/versions/3.5.2/lib/python3.5/site-packages/twisted/internet/defer.py", line 1301, in _inlineCallbacks
    result = g.send(result)
  File "/Users/fyxtc/.pyenv/versions/3.5.2/lib/python3.5/site-packages/scrapy/crawler.py", line 73, in crawl
    start_requests = iter(self.spider.start_requests())
TypeError: 'NoneType' object is not iterable
2017-05-18 17:14:02 [scrapy.utils.log] INFO: Scrapy 1.3.3 started (bot: manga)
2017-05-18 17:14:02 [scrapy.utils.log] INFO: Overridden settings: {'BOT_NAME': 'manga', 'LOG_LEVEL': 'INFO', 'SPIDER_MODULES': ['manga.spiders'], 'LOG_FILE': 'manga.log', 'NEWSPIDER_MODULE': 'manga.spiders'}
2017-05-18 17:14:02 [scrapy.middleware] INFO: Enabled extensions:
['scrapy.extensions.logstats.LogStats',
 'scrapy.extensions.telnet.TelnetConsole',
 'scrapy.extensions.corestats.CoreStats']
2017-05-18 17:14:02 [scrapy.middleware] INFO: Enabled downloader middlewares:
['scrapy.downloadermiddlewares.httpauth.HttpAuthMiddleware',
 'scrapy.downloadermiddlewares.downloadtimeout.DownloadTimeoutMiddleware',
 'scrapy.downloadermiddlewares.defaultheaders.DefaultHeadersMiddleware',
 'scrapy.downloadermiddlewares.useragent.UserAgentMiddleware',
 'scrapy.downloadermiddlewares.retry.RetryMiddleware',
 'scrapy.downloadermiddlewares.redirect.MetaRefreshMiddleware',
 'scrapy.downloadermiddlewares.httpcompression.HttpCompressionMiddleware',
 'scrapy.downloadermiddlewares.redirect.RedirectMiddleware',
 'scrapy.downloadermiddlewares.cookies.CookiesMiddleware',
 'scrapy.downloadermiddlewares.stats.DownloaderStats']
2017-05-18 17:14:02 [scrapy.middleware] INFO: Enabled spider middlewares:
['scrapy.spidermiddlewares.httperror.HttpErrorMiddleware',
 'scrapy.spidermiddlewares.offsite.OffsiteMiddleware',
 'scrapy.spidermiddlewares.referer.RefererMiddleware',
 'scrapy.spidermiddlewares.urllength.UrlLengthMiddleware',
 'scrapy.spidermiddlewares.depth.DepthMiddleware']
2017-05-18 17:14:02 [scrapy.middleware] INFO: Enabled item pipelines:
[]
2017-05-18 17:14:02 [root] INFO: start update crawl >>>>>>>>>>>> 
2017-05-18 17:14:02 [twisted] CRITICAL: Unhandled error in Deferred:
2017-05-18 17:14:02 [twisted] CRITICAL: 
Traceback (most recent call last):
  File "/Users/fyxtc/.pyenv/versions/3.5.2/lib/python3.5/site-packages/twisted/internet/defer.py", line 1301, in _inlineCallbacks
    result = g.send(result)
  File "/Users/fyxtc/.pyenv/versions/3.5.2/lib/python3.5/site-packages/scrapy/crawler.py", line 73, in crawl
    start_requests = iter(self.spider.start_requests())
TypeError: 'NoneType' object is not iterable
2017-05-18 17:15:01 [scrapy.utils.log] INFO: Scrapy 1.3.3 started (bot: manga)
2017-05-18 17:15:01 [scrapy.utils.log] INFO: Overridden settings: {'LOG_LEVEL': 'INFO', 'BOT_NAME': 'manga', 'SPIDER_MODULES': ['manga.spiders'], 'LOG_FILE': 'manga.log', 'NEWSPIDER_MODULE': 'manga.spiders'}
2017-05-18 17:15:01 [scrapy.middleware] INFO: Enabled extensions:
['scrapy.extensions.corestats.CoreStats',
 'scrapy.extensions.logstats.LogStats',
 'scrapy.extensions.telnet.TelnetConsole']
2017-05-18 17:15:01 [scrapy.middleware] INFO: Enabled downloader middlewares:
['scrapy.downloadermiddlewares.httpauth.HttpAuthMiddleware',
 'scrapy.downloadermiddlewares.downloadtimeout.DownloadTimeoutMiddleware',
 'scrapy.downloadermiddlewares.defaultheaders.DefaultHeadersMiddleware',
 'scrapy.downloadermiddlewares.useragent.UserAgentMiddleware',
 'scrapy.downloadermiddlewares.retry.RetryMiddleware',
 'scrapy.downloadermiddlewares.redirect.MetaRefreshMiddleware',
 'scrapy.downloadermiddlewares.httpcompression.HttpCompressionMiddleware',
 'scrapy.downloadermiddlewares.redirect.RedirectMiddleware',
 'scrapy.downloadermiddlewares.cookies.CookiesMiddleware',
 'scrapy.downloadermiddlewares.stats.DownloaderStats']
2017-05-18 17:15:01 [scrapy.middleware] INFO: Enabled spider middlewares:
['scrapy.spidermiddlewares.httperror.HttpErrorMiddleware',
 'scrapy.spidermiddlewares.offsite.OffsiteMiddleware',
 'scrapy.spidermiddlewares.referer.RefererMiddleware',
 'scrapy.spidermiddlewares.urllength.UrlLengthMiddleware',
 'scrapy.spidermiddlewares.depth.DepthMiddleware']
2017-05-18 17:15:01 [scrapy.middleware] INFO: Enabled item pipelines:
[]
2017-05-18 17:15:01 [root] INFO: start update crawl >>>>>>>>>>>> 
2017-05-18 17:15:01 [twisted] CRITICAL: Unhandled error in Deferred:
2017-05-18 17:15:01 [twisted] CRITICAL: 
Traceback (most recent call last):
  File "/Users/fyxtc/.pyenv/versions/3.5.2/lib/python3.5/site-packages/twisted/internet/defer.py", line 1301, in _inlineCallbacks
    result = g.send(result)
  File "/Users/fyxtc/.pyenv/versions/3.5.2/lib/python3.5/site-packages/scrapy/crawler.py", line 73, in crawl
    start_requests = iter(self.spider.start_requests())
TypeError: 'NoneType' object is not iterable
2017-05-18 17:16:01 [scrapy.utils.log] INFO: Scrapy 1.3.3 started (bot: manga)
2017-05-18 17:16:01 [scrapy.utils.log] INFO: Overridden settings: {'NEWSPIDER_MODULE': 'manga.spiders', 'LOG_FILE': 'manga.log', 'BOT_NAME': 'manga', 'SPIDER_MODULES': ['manga.spiders'], 'LOG_LEVEL': 'INFO'}
2017-05-18 17:16:01 [scrapy.middleware] INFO: Enabled extensions:
['scrapy.extensions.corestats.CoreStats',
 'scrapy.extensions.telnet.TelnetConsole',
 'scrapy.extensions.logstats.LogStats']
2017-05-18 17:16:01 [scrapy.middleware] INFO: Enabled downloader middlewares:
['scrapy.downloadermiddlewares.httpauth.HttpAuthMiddleware',
 'scrapy.downloadermiddlewares.downloadtimeout.DownloadTimeoutMiddleware',
 'scrapy.downloadermiddlewares.defaultheaders.DefaultHeadersMiddleware',
 'scrapy.downloadermiddlewares.useragent.UserAgentMiddleware',
 'scrapy.downloadermiddlewares.retry.RetryMiddleware',
 'scrapy.downloadermiddlewares.redirect.MetaRefreshMiddleware',
 'scrapy.downloadermiddlewares.httpcompression.HttpCompressionMiddleware',
 'scrapy.downloadermiddlewares.redirect.RedirectMiddleware',
 'scrapy.downloadermiddlewares.cookies.CookiesMiddleware',
 'scrapy.downloadermiddlewares.stats.DownloaderStats']
2017-05-18 17:16:01 [scrapy.middleware] INFO: Enabled spider middlewares:
['scrapy.spidermiddlewares.httperror.HttpErrorMiddleware',
 'scrapy.spidermiddlewares.offsite.OffsiteMiddleware',
 'scrapy.spidermiddlewares.referer.RefererMiddleware',
 'scrapy.spidermiddlewares.urllength.UrlLengthMiddleware',
 'scrapy.spidermiddlewares.depth.DepthMiddleware']
2017-05-18 17:16:01 [scrapy.middleware] INFO: Enabled item pipelines:
[]
2017-05-18 17:16:01 [root] INFO: start update crawl >>>>>>>>>>>> 
2017-05-18 17:16:01 [twisted] CRITICAL: Unhandled error in Deferred:
2017-05-18 17:16:01 [twisted] CRITICAL: 
Traceback (most recent call last):
  File "/Users/fyxtc/.pyenv/versions/3.5.2/lib/python3.5/site-packages/twisted/internet/defer.py", line 1301, in _inlineCallbacks
    result = g.send(result)
  File "/Users/fyxtc/.pyenv/versions/3.5.2/lib/python3.5/site-packages/scrapy/crawler.py", line 73, in crawl
    start_requests = iter(self.spider.start_requests())
TypeError: 'NoneType' object is not iterable
2017-05-18 17:17:01 [scrapy.utils.log] INFO: Scrapy 1.3.3 started (bot: manga)
2017-05-18 17:17:01 [scrapy.utils.log] INFO: Overridden settings: {'NEWSPIDER_MODULE': 'manga.spiders', 'BOT_NAME': 'manga', 'LOG_FILE': 'manga.log', 'SPIDER_MODULES': ['manga.spiders'], 'LOG_LEVEL': 'INFO'}
2017-05-18 17:17:01 [scrapy.middleware] INFO: Enabled extensions:
['scrapy.extensions.corestats.CoreStats',
 'scrapy.extensions.logstats.LogStats',
 'scrapy.extensions.telnet.TelnetConsole']
2017-05-18 17:17:01 [scrapy.middleware] INFO: Enabled downloader middlewares:
['scrapy.downloadermiddlewares.httpauth.HttpAuthMiddleware',
 'scrapy.downloadermiddlewares.downloadtimeout.DownloadTimeoutMiddleware',
 'scrapy.downloadermiddlewares.defaultheaders.DefaultHeadersMiddleware',
 'scrapy.downloadermiddlewares.useragent.UserAgentMiddleware',
 'scrapy.downloadermiddlewares.retry.RetryMiddleware',
 'scrapy.downloadermiddlewares.redirect.MetaRefreshMiddleware',
 'scrapy.downloadermiddlewares.httpcompression.HttpCompressionMiddleware',
 'scrapy.downloadermiddlewares.redirect.RedirectMiddleware',
 'scrapy.downloadermiddlewares.cookies.CookiesMiddleware',
 'scrapy.downloadermiddlewares.stats.DownloaderStats']
2017-05-18 17:17:01 [scrapy.middleware] INFO: Enabled spider middlewares:
['scrapy.spidermiddlewares.httperror.HttpErrorMiddleware',
 'scrapy.spidermiddlewares.offsite.OffsiteMiddleware',
 'scrapy.spidermiddlewares.referer.RefererMiddleware',
 'scrapy.spidermiddlewares.urllength.UrlLengthMiddleware',
 'scrapy.spidermiddlewares.depth.DepthMiddleware']
2017-05-18 17:17:01 [scrapy.middleware] INFO: Enabled item pipelines:
[]
2017-05-18 17:17:01 [root] INFO: start update crawl >>>>>>>>>>>> 
2017-05-18 17:17:01 [twisted] CRITICAL: Unhandled error in Deferred:
2017-05-18 17:17:01 [twisted] CRITICAL: 
Traceback (most recent call last):
  File "/Users/fyxtc/.pyenv/versions/3.5.2/lib/python3.5/site-packages/twisted/internet/defer.py", line 1301, in _inlineCallbacks
    result = g.send(result)
  File "/Users/fyxtc/.pyenv/versions/3.5.2/lib/python3.5/site-packages/scrapy/crawler.py", line 73, in crawl
    start_requests = iter(self.spider.start_requests())
TypeError: 'NoneType' object is not iterable
2017-05-18 17:18:01 [scrapy.utils.log] INFO: Scrapy 1.3.3 started (bot: manga)
2017-05-18 17:18:01 [scrapy.utils.log] INFO: Overridden settings: {'LOG_FILE': 'manga.log', 'LOG_LEVEL': 'INFO', 'SPIDER_MODULES': ['manga.spiders'], 'BOT_NAME': 'manga', 'NEWSPIDER_MODULE': 'manga.spiders'}
2017-05-18 17:18:01 [scrapy.middleware] INFO: Enabled extensions:
['scrapy.extensions.telnet.TelnetConsole',
 'scrapy.extensions.logstats.LogStats',
 'scrapy.extensions.corestats.CoreStats']
2017-05-18 17:18:01 [scrapy.middleware] INFO: Enabled downloader middlewares:
['scrapy.downloadermiddlewares.httpauth.HttpAuthMiddleware',
 'scrapy.downloadermiddlewares.downloadtimeout.DownloadTimeoutMiddleware',
 'scrapy.downloadermiddlewares.defaultheaders.DefaultHeadersMiddleware',
 'scrapy.downloadermiddlewares.useragent.UserAgentMiddleware',
 'scrapy.downloadermiddlewares.retry.RetryMiddleware',
 'scrapy.downloadermiddlewares.redirect.MetaRefreshMiddleware',
 'scrapy.downloadermiddlewares.httpcompression.HttpCompressionMiddleware',
 'scrapy.downloadermiddlewares.redirect.RedirectMiddleware',
 'scrapy.downloadermiddlewares.cookies.CookiesMiddleware',
 'scrapy.downloadermiddlewares.stats.DownloaderStats']
2017-05-18 17:18:01 [scrapy.middleware] INFO: Enabled spider middlewares:
['scrapy.spidermiddlewares.httperror.HttpErrorMiddleware',
 'scrapy.spidermiddlewares.offsite.OffsiteMiddleware',
 'scrapy.spidermiddlewares.referer.RefererMiddleware',
 'scrapy.spidermiddlewares.urllength.UrlLengthMiddleware',
 'scrapy.spidermiddlewares.depth.DepthMiddleware']
2017-05-18 17:18:01 [scrapy.middleware] INFO: Enabled item pipelines:
[]
2017-05-18 17:18:01 [root] INFO: start update crawl >>>>>>>>>>>> 
2017-05-18 17:18:01 [twisted] CRITICAL: Unhandled error in Deferred:
2017-05-18 17:18:01 [twisted] CRITICAL: 
Traceback (most recent call last):
  File "/Users/fyxtc/.pyenv/versions/3.5.2/lib/python3.5/site-packages/twisted/internet/defer.py", line 1301, in _inlineCallbacks
    result = g.send(result)
  File "/Users/fyxtc/.pyenv/versions/3.5.2/lib/python3.5/site-packages/scrapy/crawler.py", line 73, in crawl
    start_requests = iter(self.spider.start_requests())
TypeError: 'NoneType' object is not iterable
2017-05-18 17:19:01 [scrapy.utils.log] INFO: Scrapy 1.3.3 started (bot: manga)
2017-05-18 17:19:01 [scrapy.utils.log] INFO: Overridden settings: {'NEWSPIDER_MODULE': 'manga.spiders', 'SPIDER_MODULES': ['manga.spiders'], 'LOG_LEVEL': 'INFO', 'LOG_FILE': 'manga.log', 'BOT_NAME': 'manga'}
2017-05-18 17:19:01 [scrapy.middleware] INFO: Enabled extensions:
['scrapy.extensions.telnet.TelnetConsole',
 'scrapy.extensions.logstats.LogStats',
 'scrapy.extensions.corestats.CoreStats']
2017-05-18 17:19:01 [scrapy.middleware] INFO: Enabled downloader middlewares:
['scrapy.downloadermiddlewares.httpauth.HttpAuthMiddleware',
 'scrapy.downloadermiddlewares.downloadtimeout.DownloadTimeoutMiddleware',
 'scrapy.downloadermiddlewares.defaultheaders.DefaultHeadersMiddleware',
 'scrapy.downloadermiddlewares.useragent.UserAgentMiddleware',
 'scrapy.downloadermiddlewares.retry.RetryMiddleware',
 'scrapy.downloadermiddlewares.redirect.MetaRefreshMiddleware',
 'scrapy.downloadermiddlewares.httpcompression.HttpCompressionMiddleware',
 'scrapy.downloadermiddlewares.redirect.RedirectMiddleware',
 'scrapy.downloadermiddlewares.cookies.CookiesMiddleware',
 'scrapy.downloadermiddlewares.stats.DownloaderStats']
2017-05-18 17:19:01 [scrapy.middleware] INFO: Enabled spider middlewares:
['scrapy.spidermiddlewares.httperror.HttpErrorMiddleware',
 'scrapy.spidermiddlewares.offsite.OffsiteMiddleware',
 'scrapy.spidermiddlewares.referer.RefererMiddleware',
 'scrapy.spidermiddlewares.urllength.UrlLengthMiddleware',
 'scrapy.spidermiddlewares.depth.DepthMiddleware']
2017-05-18 17:19:01 [scrapy.middleware] INFO: Enabled item pipelines:
[]
2017-05-18 17:19:01 [root] INFO: start update crawl >>>>>>>>>>>> 
2017-05-18 17:19:01 [twisted] CRITICAL: Unhandled error in Deferred:
2017-05-18 17:19:01 [twisted] CRITICAL: 
Traceback (most recent call last):
  File "/Users/fyxtc/.pyenv/versions/3.5.2/lib/python3.5/site-packages/twisted/internet/defer.py", line 1301, in _inlineCallbacks
    result = g.send(result)
  File "/Users/fyxtc/.pyenv/versions/3.5.2/lib/python3.5/site-packages/scrapy/crawler.py", line 73, in crawl
    start_requests = iter(self.spider.start_requests())
TypeError: 'NoneType' object is not iterable
2017-05-18 17:20:01 [scrapy.utils.log] INFO: Scrapy 1.3.3 started (bot: manga)
2017-05-18 17:20:01 [scrapy.utils.log] INFO: Overridden settings: {'LOG_FILE': 'manga.log', 'NEWSPIDER_MODULE': 'manga.spiders', 'BOT_NAME': 'manga', 'LOG_LEVEL': 'INFO', 'SPIDER_MODULES': ['manga.spiders']}
2017-05-18 17:20:01 [scrapy.middleware] INFO: Enabled extensions:
['scrapy.extensions.telnet.TelnetConsole',
 'scrapy.extensions.corestats.CoreStats',
 'scrapy.extensions.logstats.LogStats']
2017-05-18 17:20:01 [scrapy.middleware] INFO: Enabled downloader middlewares:
['scrapy.downloadermiddlewares.httpauth.HttpAuthMiddleware',
 'scrapy.downloadermiddlewares.downloadtimeout.DownloadTimeoutMiddleware',
 'scrapy.downloadermiddlewares.defaultheaders.DefaultHeadersMiddleware',
 'scrapy.downloadermiddlewares.useragent.UserAgentMiddleware',
 'scrapy.downloadermiddlewares.retry.RetryMiddleware',
 'scrapy.downloadermiddlewares.redirect.MetaRefreshMiddleware',
 'scrapy.downloadermiddlewares.httpcompression.HttpCompressionMiddleware',
 'scrapy.downloadermiddlewares.redirect.RedirectMiddleware',
 'scrapy.downloadermiddlewares.cookies.CookiesMiddleware',
 'scrapy.downloadermiddlewares.stats.DownloaderStats']
2017-05-18 17:20:01 [scrapy.middleware] INFO: Enabled spider middlewares:
['scrapy.spidermiddlewares.httperror.HttpErrorMiddleware',
 'scrapy.spidermiddlewares.offsite.OffsiteMiddleware',
 'scrapy.spidermiddlewares.referer.RefererMiddleware',
 'scrapy.spidermiddlewares.urllength.UrlLengthMiddleware',
 'scrapy.spidermiddlewares.depth.DepthMiddleware']
2017-05-18 17:20:01 [scrapy.middleware] INFO: Enabled item pipelines:
[]
2017-05-18 17:20:01 [root] INFO: start update crawl >>>>>>>>>>>> 
2017-05-18 17:20:01 [twisted] CRITICAL: Unhandled error in Deferred:
2017-05-18 17:20:01 [twisted] CRITICAL: 
Traceback (most recent call last):
  File "/Users/fyxtc/.pyenv/versions/3.5.2/lib/python3.5/site-packages/twisted/internet/defer.py", line 1301, in _inlineCallbacks
    result = g.send(result)
  File "/Users/fyxtc/.pyenv/versions/3.5.2/lib/python3.5/site-packages/scrapy/crawler.py", line 73, in crawl
    start_requests = iter(self.spider.start_requests())
TypeError: 'NoneType' object is not iterable
